Classic Timing Analyzer report for aff
Thu Sep 10 09:36:45 2020
Quartus II Version 9.0 Build 235 06/17/2009 Service Pack 2 SJ Web Edition


---------------------
; Table of Contents ;
---------------------
  1. Legal Notice
  2. Timing Analyzer Summary
  3. Timing Analyzer Settings
  4. Parallel Compilation
  5. tpd
  6. Timing Analyzer Messages



----------------
; Legal Notice ;
----------------
Copyright (C) 1991-2009 Altera Corporation
Your use of Altera Corporation's design tools, logic functions 
and other software and tools, and its AMPP partner logic 
functions, and any output files from any of the foregoing 
(including device programming or simulation files), and any 
associated documentation or information are expressly subject 
to the terms and conditions of the Altera Program License 
Subscription Agreement, Altera MegaCore Function License 
Agreement, or other applicable license agreement, including, 
without limitation, that your use is for the sole purpose of 
programming logic devices manufactured by Altera and sold by 
Altera or its authorized distributors.  Please refer to the 
applicable agreement for further details.



+---------------------------------------------------------------------------------------------------------------------------+
; Timing Analyzer Summary                                                                                                   ;
+------------------------------+-------+---------------+-------------+------+--------+------------+----------+--------------+
; Type                         ; Slack ; Required Time ; Actual Time ; From ; To     ; From Clock ; To Clock ; Failed Paths ;
+------------------------------+-------+---------------+-------------+------+--------+------------+----------+--------------+
; Worst-case tpd               ; N/A   ; None          ; 7.305 ns    ; Q[1] ; Aff[2] ; --         ; --       ; 0            ;
; Total number of failed paths ;       ;               ;             ;      ;        ;            ;          ; 0            ;
+------------------------------+-------+---------------+-------------+------+--------+------------+----------+--------------+


+--------------------------------------------------------------------------------------------------------------------+
; Timing Analyzer Settings                                                                                           ;
+---------------------------------------------------------------------+--------------------+------+----+-------------+
; Option                                                              ; Setting            ; From ; To ; Entity Name ;
+---------------------------------------------------------------------+--------------------+------+----+-------------+
; Device Name                                                         ; EP2C35F672C6       ;      ;    ;             ;
; Timing Models                                                       ; Final              ;      ;    ;             ;
; Default hold multicycle                                             ; Same as Multicycle ;      ;    ;             ;
; Cut paths between unrelated clock domains                           ; On                 ;      ;    ;             ;
; Cut off read during write signal paths                              ; On                 ;      ;    ;             ;
; Cut off feedback from I/O pins                                      ; On                 ;      ;    ;             ;
; Report Combined Fast/Slow Timing                                    ; Off                ;      ;    ;             ;
; Ignore Clock Settings                                               ; Off                ;      ;    ;             ;
; Analyze latches as synchronous elements                             ; On                 ;      ;    ;             ;
; Enable Recovery/Removal analysis                                    ; Off                ;      ;    ;             ;
; Enable Clock Latency                                                ; Off                ;      ;    ;             ;
; Use TimeQuest Timing Analyzer                                       ; Off                ;      ;    ;             ;
; Minimum Core Junction Temperature                                   ; 0                  ;      ;    ;             ;
; Maximum Core Junction Temperature                                   ; 85                 ;      ;    ;             ;
; Number of source nodes to report per destination node               ; 10                 ;      ;    ;             ;
; Number of destination nodes to report                               ; 10                 ;      ;    ;             ;
; Number of paths to report                                           ; 200                ;      ;    ;             ;
; Report Minimum Timing Checks                                        ; Off                ;      ;    ;             ;
; Use Fast Timing Models                                              ; Off                ;      ;    ;             ;
; Report IO Paths Separately                                          ; Off                ;      ;    ;             ;
; Perform Multicorner Analysis                                        ; On                 ;      ;    ;             ;
; Reports the worst-case path for each clock domain and analysis      ; Off                ;      ;    ;             ;
; Removes common clock path pessimism (CCPP) during slack computation ; Off                ;      ;    ;             ;
; Output I/O Timing Endpoint                                          ; Near End           ;      ;    ;             ;
+---------------------------------------------------------------------+--------------------+------+----+-------------+


Parallel compilation was disabled, but you have multiple processors available. Enable parallel compilation to reduce compilation time.
+-------------------------------------+
; Parallel Compilation                ;
+----------------------------+--------+
; Processors                 ; Number ;
+----------------------------+--------+
; Number detected on machine ; 4      ;
; Maximum allowed            ; 1      ;
+----------------------------+--------+


+-------------------------------------------------------------+
; tpd                                                         ;
+-------+-------------------+-----------------+------+--------+
; Slack ; Required P2P Time ; Actual P2P Time ; From ; To     ;
+-------+-------------------+-----------------+------+--------+
; N/A   ; None              ; 7.305 ns        ; Q[1] ; Aff[2] ;
; N/A   ; None              ; 7.300 ns        ; Q[1] ; Aff[0] ;
; N/A   ; None              ; 7.285 ns        ; Q[1] ; Aff[1] ;
; N/A   ; None              ; 7.167 ns        ; Q[0] ; Aff[0] ;
; N/A   ; None              ; 7.114 ns        ; Q[0] ; Aff[1] ;
; N/A   ; None              ; 7.107 ns        ; Q[1] ; Aff[6] ;
; N/A   ; None              ; 7.093 ns        ; Q[0] ; Aff[2] ;
; N/A   ; None              ; 7.084 ns        ; Q[1] ; Aff[4] ;
; N/A   ; None              ; 7.079 ns        ; Q[1] ; Aff[5] ;
; N/A   ; None              ; 7.059 ns        ; Q[1] ; Aff[3] ;
; N/A   ; None              ; 6.930 ns        ; Q[0] ; Aff[6] ;
; N/A   ; None              ; 6.915 ns        ; Q[0] ; Aff[3] ;
; N/A   ; None              ; 6.904 ns        ; Q[0] ; Aff[4] ;
; N/A   ; None              ; 6.903 ns        ; Q[0] ; Aff[5] ;
; N/A   ; None              ; 6.879 ns        ; Q[2] ; Aff[0] ;
; N/A   ; None              ; 6.856 ns        ; Q[2] ; Aff[1] ;
; N/A   ; None              ; 6.850 ns        ; Q[2] ; Aff[2] ;
; N/A   ; None              ; 6.642 ns        ; Q[2] ; Aff[6] ;
; N/A   ; None              ; 6.626 ns        ; Q[2] ; Aff[3] ;
; N/A   ; None              ; 6.624 ns        ; Q[2] ; Aff[4] ;
; N/A   ; None              ; 6.614 ns        ; Q[2] ; Aff[5] ;
; N/A   ; None              ; 6.173 ns        ; Q[3] ; Aff[0] ;
; N/A   ; None              ; 6.149 ns        ; Q[3] ; Aff[1] ;
; N/A   ; None              ; 6.136 ns        ; Q[3] ; Aff[2] ;
; N/A   ; None              ; 5.920 ns        ; Q[3] ; Aff[3] ;
; N/A   ; None              ; 5.908 ns        ; Q[3] ; Aff[5] ;
; N/A   ; None              ; 5.907 ns        ; Q[3] ; Aff[4] ;
; N/A   ; None              ; 5.906 ns        ; Q[3] ; Aff[6] ;
+-------+-------------------+-----------------+------+--------+


+--------------------------+
; Timing Analyzer Messages ;
+--------------------------+
Info: *******************************************************************
Info: Running Quartus II Classic Timing Analyzer
    Info: Version 9.0 Build 235 06/17/2009 Service Pack 2 SJ Web Edition
    Info: Processing started: Thu Sep 10 09:36:45 2020
Info: Command: quartus_tan --read_settings_files=off --write_settings_files=off aff -c aff --timing_analysis_only
Info: Longest tpd from source pin "Q[1]" to destination pin "Aff[2]" is 7.305 ns
    Info: 1: + IC(0.000 ns) + CELL(0.999 ns) = 0.999 ns; Loc. = PIN_N26; Fanout = 7; PIN Node = 'Q[1]'
    Info: 2: + IC(2.244 ns) + CELL(0.416 ns) = 3.659 ns; Loc. = LCCOMB_X28_Y3_N12; Fanout = 1; COMB Node = 'Mux4~0'
    Info: 3: + IC(0.868 ns) + CELL(2.778 ns) = 7.305 ns; Loc. = PIN_AC12; Fanout = 0; PIN Node = 'Aff[2]'
    Info: Total cell delay = 4.193 ns ( 57.40 % )
    Info: Total interconnect delay = 3.112 ns ( 42.60 % )
Info: Quartus II Classic Timing Analyzer was successful. 0 errors, 0 warnings
    Info: Peak virtual memory: 173 megabytes
    Info: Processing ended: Thu Sep 10 09:36:45 2020
    Info: Elapsed time: 00:00:00
    Info: Total CPU time (on all processors): 00:00:00


