Classic Timing Analyzer report for ppmw2
Mon Sep 14 09:30:27 2020
Quartus II Version 9.0 Build 235 06/17/2009 Service Pack 2 SJ Web Edition


---------------------
; Table of Contents ;
---------------------
  1. Legal Notice
  2. Timing Analyzer Summary
  3. Timing Analyzer Settings
  4. Clock Settings Summary
  5. Parallel Compilation
  6. Clock Setup: 'clk'
  7. tco
  8. tpd
  9. Timing Analyzer Messages



----------------
; Legal Notice ;
----------------
Copyright (C) 1991-2009 Altera Corporation
Your use of Altera Corporation's design tools, logic functions 
and other software and tools, and its AMPP partner logic 
functions, and any output files from any of the foregoing 
(including device programming or simulation files), and any 
associated documentation or information are expressly subject 
to the terms and conditions of the Altera Program License 
Subscription Agreement, Altera MegaCore Function License 
Agreement, or other applicable license agreement, including, 
without limitation, that your use is for the sole purpose of 
programming logic devices manufactured by Altera and sold by 
Altera or its authorized distributors.  Please refer to the 
applicable agreement for further details.



+-----------------------------------------------------------------------------------------------------------------------------------------------------------------------------------------+
; Timing Analyzer Summary                                                                                                                                                                 ;
+------------------------------+-------+---------------+------------------------------------------------+-------------------------+----------------+------------+----------+--------------+
; Type                         ; Slack ; Required Time ; Actual Time                                    ; From                    ; To             ; From Clock ; To Clock ; Failed Paths ;
+------------------------------+-------+---------------+------------------------------------------------+-------------------------+----------------+------------+----------+--------------+
; Worst-case tco               ; N/A   ; None          ; 9.750 ns                                       ; counter_PWM[2]          ; PWMOut         ; clk        ; --       ; 0            ;
; Worst-case tpd               ; N/A   ; None          ; 9.953 ns                                       ; rapport_Cyclique_SWs[0] ; PWMOut         ; --         ; --       ; 0            ;
; Clock Setup: 'clk'           ; N/A   ; None          ; Restricted to 420.17 MHz ( period = 2.380 ns ) ; counter_PWM[0]          ; counter_PWM[4] ; clk        ; clk      ; 0            ;
; Total number of failed paths ;       ;               ;                                                ;                         ;                ;            ;          ; 0            ;
+------------------------------+-------+---------------+------------------------------------------------+-------------------------+----------------+------------+----------+--------------+


+--------------------------------------------------------------------------------------------------------------------+
; Timing Analyzer Settings                                                                                           ;
+---------------------------------------------------------------------+--------------------+------+----+-------------+
; Option                                                              ; Setting            ; From ; To ; Entity Name ;
+---------------------------------------------------------------------+--------------------+------+----+-------------+
; Device Name                                                         ; EP2C35F672C6       ;      ;    ;             ;
; Timing Models                                                       ; Final              ;      ;    ;             ;
; Default hold multicycle                                             ; Same as Multicycle ;      ;    ;             ;
; Cut paths between unrelated clock domains                           ; On                 ;      ;    ;             ;
; Cut off read during write signal paths                              ; On                 ;      ;    ;             ;
; Cut off feedback from I/O pins                                      ; On                 ;      ;    ;             ;
; Report Combined Fast/Slow Timing                                    ; Off                ;      ;    ;             ;
; Ignore Clock Settings                                               ; Off                ;      ;    ;             ;
; Analyze latches as synchronous elements                             ; On                 ;      ;    ;             ;
; Enable Recovery/Removal analysis                                    ; Off                ;      ;    ;             ;
; Enable Clock Latency                                                ; Off                ;      ;    ;             ;
; Use TimeQuest Timing Analyzer                                       ; Off                ;      ;    ;             ;
; Minimum Core Junction Temperature                                   ; 0                  ;      ;    ;             ;
; Maximum Core Junction Temperature                                   ; 85                 ;      ;    ;             ;
; Number of source nodes to report per destination node               ; 10                 ;      ;    ;             ;
; Number of destination nodes to report                               ; 10                 ;      ;    ;             ;
; Number of paths to report                                           ; 200                ;      ;    ;             ;
; Report Minimum Timing Checks                                        ; Off                ;      ;    ;             ;
; Use Fast Timing Models                                              ; Off                ;      ;    ;             ;
; Report IO Paths Separately                                          ; Off                ;      ;    ;             ;
; Perform Multicorner Analysis                                        ; On                 ;      ;    ;             ;
; Reports the worst-case path for each clock domain and analysis      ; Off                ;      ;    ;             ;
; Removes common clock path pessimism (CCPP) during slack computation ; Off                ;      ;    ;             ;
; Output I/O Timing Endpoint                                          ; Near End           ;      ;    ;             ;
+---------------------------------------------------------------------+--------------------+------+----+-------------+


+------------------------------------------------------------------------------------------------------------------------------------------------------------------------------------+
; Clock Settings Summary                                                                                                                                                             ;
+-----------------+--------------------+----------+------------------+---------------+--------------+----------+-----------------------+---------------------+--------+--------------+
; Clock Node Name ; Clock Setting Name ; Type     ; Fmax Requirement ; Early Latency ; Late Latency ; Based on ; Multiply Base Fmax by ; Divide Base Fmax by ; Offset ; Phase offset ;
+-----------------+--------------------+----------+------------------+---------------+--------------+----------+-----------------------+---------------------+--------+--------------+
; clk             ;                    ; User Pin ; None             ; 0.000 ns      ; 0.000 ns     ; --       ; N/A                   ; N/A                 ; N/A    ;              ;
+-----------------+--------------------+----------+------------------+---------------+--------------+----------+-----------------------+---------------------+--------+--------------+


Parallel compilation was disabled, but you have multiple processors available. Enable parallel compilation to reduce compilation time.
+-------------------------------------+
; Parallel Compilation                ;
+----------------------------+--------+
; Processors                 ; Number ;
+----------------------------+--------+
; Number detected on machine ; 4      ;
; Maximum allowed            ; 1      ;
+----------------------------+--------+


+------------------------------------------------------------------------------------------------------------------------------------------------------------------------------------------------------+
; Clock Setup: 'clk'                                                                                                                                                                                   ;
+-------+------------------------------------------------+----------------+----------------+------------+----------+-----------------------------+---------------------------+-------------------------+
; Slack ; Actual fmax (period)                           ; From           ; To             ; From Clock ; To Clock ; Required Setup Relationship ; Required Longest P2P Time ; Actual Longest P2P Time ;
+-------+------------------------------------------------+----------------+----------------+------------+----------+-----------------------------+---------------------------+-------------------------+
; N/A   ; Restricted to 420.17 MHz ( period = 2.380 ns ) ; counter_PWM[0] ; counter_PWM[6] ; clk        ; clk      ; None                        ; None                      ; 2.037 ns                ;
; N/A   ; Restricted to 420.17 MHz ( period = 2.380 ns ) ; counter_PWM[0] ; counter_PWM[3] ; clk        ; clk      ; None                        ; None                      ; 2.037 ns                ;
; N/A   ; Restricted to 420.17 MHz ( period = 2.380 ns ) ; counter_PWM[0] ; counter_PWM[7] ; clk        ; clk      ; None                        ; None                      ; 2.037 ns                ;
; N/A   ; Restricted to 420.17 MHz ( period = 2.380 ns ) ; counter_PWM[0] ; counter_PWM[5] ; clk        ; clk      ; None                        ; None                      ; 2.037 ns                ;
; N/A   ; Restricted to 420.17 MHz ( period = 2.380 ns ) ; counter_PWM[0] ; counter_PWM[0] ; clk        ; clk      ; None                        ; None                      ; 2.037 ns                ;
; N/A   ; Restricted to 420.17 MHz ( period = 2.380 ns ) ; counter_PWM[0] ; counter_PWM[1] ; clk        ; clk      ; None                        ; None                      ; 2.037 ns                ;
; N/A   ; Restricted to 420.17 MHz ( period = 2.380 ns ) ; counter_PWM[0] ; counter_PWM[2] ; clk        ; clk      ; None                        ; None                      ; 2.037 ns                ;
; N/A   ; Restricted to 420.17 MHz ( period = 2.380 ns ) ; counter_PWM[0] ; counter_PWM[4] ; clk        ; clk      ; None                        ; None                      ; 2.037 ns                ;
; N/A   ; Restricted to 420.17 MHz ( period = 2.380 ns ) ; counter_PWM[1] ; counter_PWM[6] ; clk        ; clk      ; None                        ; None                      ; 2.010 ns                ;
; N/A   ; Restricted to 420.17 MHz ( period = 2.380 ns ) ; counter_PWM[1] ; counter_PWM[3] ; clk        ; clk      ; None                        ; None                      ; 2.010 ns                ;
; N/A   ; Restricted to 420.17 MHz ( period = 2.380 ns ) ; counter_PWM[1] ; counter_PWM[7] ; clk        ; clk      ; None                        ; None                      ; 2.010 ns                ;
; N/A   ; Restricted to 420.17 MHz ( period = 2.380 ns ) ; counter_PWM[1] ; counter_PWM[5] ; clk        ; clk      ; None                        ; None                      ; 2.010 ns                ;
; N/A   ; Restricted to 420.17 MHz ( period = 2.380 ns ) ; counter_PWM[1] ; counter_PWM[0] ; clk        ; clk      ; None                        ; None                      ; 2.010 ns                ;
; N/A   ; Restricted to 420.17 MHz ( period = 2.380 ns ) ; counter_PWM[1] ; counter_PWM[1] ; clk        ; clk      ; None                        ; None                      ; 2.010 ns                ;
; N/A   ; Restricted to 420.17 MHz ( period = 2.380 ns ) ; counter_PWM[1] ; counter_PWM[2] ; clk        ; clk      ; None                        ; None                      ; 2.010 ns                ;
; N/A   ; Restricted to 420.17 MHz ( period = 2.380 ns ) ; counter_PWM[1] ; counter_PWM[4] ; clk        ; clk      ; None                        ; None                      ; 2.010 ns                ;
; N/A   ; Restricted to 420.17 MHz ( period = 2.380 ns ) ; counter_PWM[4] ; counter_PWM[6] ; clk        ; clk      ; None                        ; None                      ; 1.926 ns                ;
; N/A   ; Restricted to 420.17 MHz ( period = 2.380 ns ) ; counter_PWM[4] ; counter_PWM[3] ; clk        ; clk      ; None                        ; None                      ; 1.926 ns                ;
; N/A   ; Restricted to 420.17 MHz ( period = 2.380 ns ) ; counter_PWM[4] ; counter_PWM[7] ; clk        ; clk      ; None                        ; None                      ; 1.926 ns                ;
; N/A   ; Restricted to 420.17 MHz ( period = 2.380 ns ) ; counter_PWM[4] ; counter_PWM[5] ; clk        ; clk      ; None                        ; None                      ; 1.926 ns                ;
; N/A   ; Restricted to 420.17 MHz ( period = 2.380 ns ) ; counter_PWM[4] ; counter_PWM[0] ; clk        ; clk      ; None                        ; None                      ; 1.926 ns                ;
; N/A   ; Restricted to 420.17 MHz ( period = 2.380 ns ) ; counter_PWM[4] ; counter_PWM[1] ; clk        ; clk      ; None                        ; None                      ; 1.926 ns                ;
; N/A   ; Restricted to 420.17 MHz ( period = 2.380 ns ) ; counter_PWM[4] ; counter_PWM[2] ; clk        ; clk      ; None                        ; None                      ; 1.926 ns                ;
; N/A   ; Restricted to 420.17 MHz ( period = 2.380 ns ) ; counter_PWM[4] ; counter_PWM[4] ; clk        ; clk      ; None                        ; None                      ; 1.926 ns                ;
; N/A   ; Restricted to 420.17 MHz ( period = 2.380 ns ) ; counter_PWM[2] ; counter_PWM[6] ; clk        ; clk      ; None                        ; None                      ; 1.868 ns                ;
; N/A   ; Restricted to 420.17 MHz ( period = 2.380 ns ) ; counter_PWM[2] ; counter_PWM[3] ; clk        ; clk      ; None                        ; None                      ; 1.868 ns                ;
; N/A   ; Restricted to 420.17 MHz ( period = 2.380 ns ) ; counter_PWM[2] ; counter_PWM[7] ; clk        ; clk      ; None                        ; None                      ; 1.868 ns                ;
; N/A   ; Restricted to 420.17 MHz ( period = 2.380 ns ) ; counter_PWM[2] ; counter_PWM[5] ; clk        ; clk      ; None                        ; None                      ; 1.868 ns                ;
; N/A   ; Restricted to 420.17 MHz ( period = 2.380 ns ) ; counter_PWM[2] ; counter_PWM[0] ; clk        ; clk      ; None                        ; None                      ; 1.868 ns                ;
; N/A   ; Restricted to 420.17 MHz ( period = 2.380 ns ) ; counter_PWM[2] ; counter_PWM[1] ; clk        ; clk      ; None                        ; None                      ; 1.868 ns                ;
; N/A   ; Restricted to 420.17 MHz ( period = 2.380 ns ) ; counter_PWM[2] ; counter_PWM[2] ; clk        ; clk      ; None                        ; None                      ; 1.868 ns                ;
; N/A   ; Restricted to 420.17 MHz ( period = 2.380 ns ) ; counter_PWM[2] ; counter_PWM[4] ; clk        ; clk      ; None                        ; None                      ; 1.868 ns                ;
; N/A   ; Restricted to 420.17 MHz ( period = 2.380 ns ) ; counter_PWM[6] ; counter_PWM[6] ; clk        ; clk      ; None                        ; None                      ; 1.747 ns                ;
; N/A   ; Restricted to 420.17 MHz ( period = 2.380 ns ) ; counter_PWM[6] ; counter_PWM[3] ; clk        ; clk      ; None                        ; None                      ; 1.747 ns                ;
; N/A   ; Restricted to 420.17 MHz ( period = 2.380 ns ) ; counter_PWM[6] ; counter_PWM[7] ; clk        ; clk      ; None                        ; None                      ; 1.747 ns                ;
; N/A   ; Restricted to 420.17 MHz ( period = 2.380 ns ) ; counter_PWM[6] ; counter_PWM[5] ; clk        ; clk      ; None                        ; None                      ; 1.747 ns                ;
; N/A   ; Restricted to 420.17 MHz ( period = 2.380 ns ) ; counter_PWM[6] ; counter_PWM[0] ; clk        ; clk      ; None                        ; None                      ; 1.747 ns                ;
; N/A   ; Restricted to 420.17 MHz ( period = 2.380 ns ) ; counter_PWM[6] ; counter_PWM[1] ; clk        ; clk      ; None                        ; None                      ; 1.747 ns                ;
; N/A   ; Restricted to 420.17 MHz ( period = 2.380 ns ) ; counter_PWM[6] ; counter_PWM[2] ; clk        ; clk      ; None                        ; None                      ; 1.747 ns                ;
; N/A   ; Restricted to 420.17 MHz ( period = 2.380 ns ) ; counter_PWM[6] ; counter_PWM[4] ; clk        ; clk      ; None                        ; None                      ; 1.747 ns                ;
; N/A   ; Restricted to 420.17 MHz ( period = 2.380 ns ) ; counter_PWM[3] ; counter_PWM[6] ; clk        ; clk      ; None                        ; None                      ; 1.694 ns                ;
; N/A   ; Restricted to 420.17 MHz ( period = 2.380 ns ) ; counter_PWM[3] ; counter_PWM[3] ; clk        ; clk      ; None                        ; None                      ; 1.694 ns                ;
; N/A   ; Restricted to 420.17 MHz ( period = 2.380 ns ) ; counter_PWM[3] ; counter_PWM[7] ; clk        ; clk      ; None                        ; None                      ; 1.694 ns                ;
; N/A   ; Restricted to 420.17 MHz ( period = 2.380 ns ) ; counter_PWM[3] ; counter_PWM[5] ; clk        ; clk      ; None                        ; None                      ; 1.694 ns                ;
; N/A   ; Restricted to 420.17 MHz ( period = 2.380 ns ) ; counter_PWM[3] ; counter_PWM[0] ; clk        ; clk      ; None                        ; None                      ; 1.694 ns                ;
; N/A   ; Restricted to 420.17 MHz ( period = 2.380 ns ) ; counter_PWM[3] ; counter_PWM[1] ; clk        ; clk      ; None                        ; None                      ; 1.694 ns                ;
; N/A   ; Restricted to 420.17 MHz ( period = 2.380 ns ) ; counter_PWM[3] ; counter_PWM[2] ; clk        ; clk      ; None                        ; None                      ; 1.694 ns                ;
; N/A   ; Restricted to 420.17 MHz ( period = 2.380 ns ) ; counter_PWM[3] ; counter_PWM[4] ; clk        ; clk      ; None                        ; None                      ; 1.694 ns                ;
; N/A   ; Restricted to 420.17 MHz ( period = 2.380 ns ) ; counter_PWM[5] ; counter_PWM[6] ; clk        ; clk      ; None                        ; None                      ; 1.617 ns                ;
; N/A   ; Restricted to 420.17 MHz ( period = 2.380 ns ) ; counter_PWM[5] ; counter_PWM[3] ; clk        ; clk      ; None                        ; None                      ; 1.617 ns                ;
; N/A   ; Restricted to 420.17 MHz ( period = 2.380 ns ) ; counter_PWM[5] ; counter_PWM[7] ; clk        ; clk      ; None                        ; None                      ; 1.617 ns                ;
; N/A   ; Restricted to 420.17 MHz ( period = 2.380 ns ) ; counter_PWM[5] ; counter_PWM[5] ; clk        ; clk      ; None                        ; None                      ; 1.617 ns                ;
; N/A   ; Restricted to 420.17 MHz ( period = 2.380 ns ) ; counter_PWM[5] ; counter_PWM[0] ; clk        ; clk      ; None                        ; None                      ; 1.617 ns                ;
; N/A   ; Restricted to 420.17 MHz ( period = 2.380 ns ) ; counter_PWM[5] ; counter_PWM[1] ; clk        ; clk      ; None                        ; None                      ; 1.617 ns                ;
; N/A   ; Restricted to 420.17 MHz ( period = 2.380 ns ) ; counter_PWM[5] ; counter_PWM[2] ; clk        ; clk      ; None                        ; None                      ; 1.617 ns                ;
; N/A   ; Restricted to 420.17 MHz ( period = 2.380 ns ) ; counter_PWM[5] ; counter_PWM[4] ; clk        ; clk      ; None                        ; None                      ; 1.617 ns                ;
; N/A   ; Restricted to 420.17 MHz ( period = 2.380 ns ) ; counter_PWM[7] ; counter_PWM[6] ; clk        ; clk      ; None                        ; None                      ; 1.483 ns                ;
; N/A   ; Restricted to 420.17 MHz ( period = 2.380 ns ) ; counter_PWM[7] ; counter_PWM[3] ; clk        ; clk      ; None                        ; None                      ; 1.483 ns                ;
; N/A   ; Restricted to 420.17 MHz ( period = 2.380 ns ) ; counter_PWM[7] ; counter_PWM[7] ; clk        ; clk      ; None                        ; None                      ; 1.483 ns                ;
; N/A   ; Restricted to 420.17 MHz ( period = 2.380 ns ) ; counter_PWM[7] ; counter_PWM[5] ; clk        ; clk      ; None                        ; None                      ; 1.483 ns                ;
; N/A   ; Restricted to 420.17 MHz ( period = 2.380 ns ) ; counter_PWM[7] ; counter_PWM[0] ; clk        ; clk      ; None                        ; None                      ; 1.483 ns                ;
; N/A   ; Restricted to 420.17 MHz ( period = 2.380 ns ) ; counter_PWM[7] ; counter_PWM[1] ; clk        ; clk      ; None                        ; None                      ; 1.483 ns                ;
; N/A   ; Restricted to 420.17 MHz ( period = 2.380 ns ) ; counter_PWM[7] ; counter_PWM[2] ; clk        ; clk      ; None                        ; None                      ; 1.483 ns                ;
; N/A   ; Restricted to 420.17 MHz ( period = 2.380 ns ) ; counter_PWM[7] ; counter_PWM[4] ; clk        ; clk      ; None                        ; None                      ; 1.483 ns                ;
+-------+------------------------------------------------+----------------+----------------+------------+----------+-----------------------------+---------------------------+-------------------------+


+--------------------------------------------------------------------------+
; tco                                                                      ;
+-------+--------------+------------+----------------+--------+------------+
; Slack ; Required tco ; Actual tco ; From           ; To     ; From Clock ;
+-------+--------------+------------+----------------+--------+------------+
; N/A   ; None         ; 9.750 ns   ; counter_PWM[2] ; PWMOut ; clk        ;
; N/A   ; None         ; 9.582 ns   ; counter_PWM[1] ; PWMOut ; clk        ;
; N/A   ; None         ; 9.501 ns   ; counter_PWM[3] ; PWMOut ; clk        ;
; N/A   ; None         ; 9.446 ns   ; counter_PWM[5] ; PWMOut ; clk        ;
; N/A   ; None         ; 9.422 ns   ; counter_PWM[4] ; PWMOut ; clk        ;
; N/A   ; None         ; 9.054 ns   ; counter_PWM[6] ; PWMOut ; clk        ;
; N/A   ; None         ; 7.806 ns   ; counter_PWM[7] ; PWMOut ; clk        ;
+-------+--------------+------------+----------------+--------+------------+


+--------------------------------------------------------------------------------+
; tpd                                                                            ;
+-------+-------------------+-----------------+-------------------------+--------+
; Slack ; Required P2P Time ; Actual P2P Time ; From                    ; To     ;
+-------+-------------------+-----------------+-------------------------+--------+
; N/A   ; None              ; 9.953 ns        ; rapport_Cyclique_SWs[0] ; PWMOut ;
; N/A   ; None              ; 8.264 ns        ; rapport_Cyclique_SWs[2] ; PWMOut ;
; N/A   ; None              ; 8.091 ns        ; rapport_Cyclique_SWs[3] ; PWMOut ;
; N/A   ; None              ; 7.954 ns        ; rapport_Cyclique_SWs[1] ; PWMOut ;
+-------+-------------------+-----------------+-------------------------+--------+


+--------------------------+
; Timing Analyzer Messages ;
+--------------------------+
Info: *******************************************************************
Info: Running Quartus II Classic Timing Analyzer
    Info: Version 9.0 Build 235 06/17/2009 Service Pack 2 SJ Web Edition
    Info: Processing started: Mon Sep 14 09:30:27 2020
Info: Command: quartus_tan --read_settings_files=off --write_settings_files=off ppmw2 -c ppmw2 --timing_analysis_only
Warning: Found pins functioning as undefined clocks and/or memory enables
    Info: Assuming node "clk" is an undefined clock
Info: Clock "clk" Internal fmax is restricted to 420.17 MHz between source register "counter_PWM[0]" and destination register "counter_PWM[6]"
    Info: fmax restricted to clock pin edge rate 2.38 ns. Expand message to see actual delay path.
        Info: + Longest register to register delay is 2.037 ns
            Info: 1: + IC(0.000 ns) + CELL(0.000 ns) = 0.000 ns; Loc. = LCFF_X63_Y19_N13; Fanout = 3; REG Node = 'counter_PWM[0]'
            Info: 2: + IC(0.330 ns) + CELL(0.438 ns) = 0.768 ns; Loc. = LCCOMB_X63_Y19_N4; Fanout = 1; COMB Node = 'LessThan0~1'
            Info: 3: + IC(0.255 ns) + CELL(0.271 ns) = 1.294 ns; Loc. = LCCOMB_X63_Y19_N6; Fanout = 8; COMB Node = 'LessThan0~2'
            Info: 4: + IC(0.233 ns) + CELL(0.510 ns) = 2.037 ns; Loc. = LCFF_X63_Y19_N25; Fanout = 4; REG Node = 'counter_PWM[6]'
            Info: Total cell delay = 1.219 ns ( 59.84 % )
            Info: Total interconnect delay = 0.818 ns ( 40.16 % )
        Info: - Smallest clock skew is 0.000 ns
            Info: + Shortest clock path from clock "clk" to destination register is 2.690 ns
                Info: 1: + IC(0.000 ns) + CELL(0.999 ns) = 0.999 ns; Loc. = PIN_N2; Fanout = 1; CLK Node = 'clk'
                Info: 2: + IC(0.118 ns) + CELL(0.000 ns) = 1.117 ns; Loc. = CLKCTRL_G2; Fanout = 8; COMB Node = 'clk~clkctrl'
                Info: 3: + IC(1.036 ns) + CELL(0.537 ns) = 2.690 ns; Loc. = LCFF_X63_Y19_N25; Fanout = 4; REG Node = 'counter_PWM[6]'
                Info: Total cell delay = 1.536 ns ( 57.10 % )
                Info: Total interconnect delay = 1.154 ns ( 42.90 % )
            Info: - Longest clock path from clock "clk" to source register is 2.690 ns
                Info: 1: + IC(0.000 ns) + CELL(0.999 ns) = 0.999 ns; Loc. = PIN_N2; Fanout = 1; CLK Node = 'clk'
                Info: 2: + IC(0.118 ns) + CELL(0.000 ns) = 1.117 ns; Loc. = CLKCTRL_G2; Fanout = 8; COMB Node = 'clk~clkctrl'
                Info: 3: + IC(1.036 ns) + CELL(0.537 ns) = 2.690 ns; Loc. = LCFF_X63_Y19_N13; Fanout = 3; REG Node = 'counter_PWM[0]'
                Info: Total cell delay = 1.536 ns ( 57.10 % )
                Info: Total interconnect delay = 1.154 ns ( 42.90 % )
        Info: + Micro clock to output delay of source is 0.250 ns
        Info: + Micro setup delay of destination is -0.036 ns
Info: tco from clock "clk" to destination pin "PWMOut" through register "counter_PWM[2]" is 9.750 ns
    Info: + Longest clock path from clock "clk" to source register is 2.690 ns
        Info: 1: + IC(0.000 ns) + CELL(0.999 ns) = 0.999 ns; Loc. = PIN_N2; Fanout = 1; CLK Node = 'clk'
        Info: 2: + IC(0.118 ns) + CELL(0.000 ns) = 1.117 ns; Loc. = CLKCTRL_G2; Fanout = 8; COMB Node = 'clk~clkctrl'
        Info: 3: + IC(1.036 ns) + CELL(0.537 ns) = 2.690 ns; Loc. = LCFF_X63_Y19_N17; Fanout = 4; REG Node = 'counter_PWM[2]'
        Info: Total cell delay = 1.536 ns ( 57.10 % )
        Info: Total interconnect delay = 1.154 ns ( 42.90 % )
    Info: + Micro clock to output delay of source is 0.250 ns
    Info: + Longest register to pin delay is 6.810 ns
        Info: 1: + IC(0.000 ns) + CELL(0.000 ns) = 0.000 ns; Loc. = LCFF_X63_Y19_N17; Fanout = 4; REG Node = 'counter_PWM[2]'
        Info: 2: + IC(0.703 ns) + CELL(0.414 ns) = 1.117 ns; Loc. = LCCOMB_X64_Y19_N10; Fanout = 1; COMB Node = 'LessThan1~3'
        Info: 3: + IC(0.000 ns) + CELL(0.071 ns) = 1.188 ns; Loc. = LCCOMB_X64_Y19_N12; Fanout = 1; COMB Node = 'LessThan1~5'
        Info: 4: + IC(0.000 ns) + CELL(0.159 ns) = 1.347 ns; Loc. = LCCOMB_X64_Y19_N14; Fanout = 1; COMB Node = 'LessThan1~7'
        Info: 5: + IC(0.000 ns) + CELL(0.071 ns) = 1.418 ns; Loc. = LCCOMB_X64_Y19_N16; Fanout = 1; COMB Node = 'LessThan1~9'
        Info: 6: + IC(0.000 ns) + CELL(0.410 ns) = 1.828 ns; Loc. = LCCOMB_X64_Y19_N18; Fanout = 1; COMB Node = 'LessThan1~10'
        Info: 7: + IC(0.657 ns) + CELL(0.150 ns) = 2.635 ns; Loc. = LCCOMB_X63_Y19_N0; Fanout = 1; COMB Node = 'LessThan1~12'
        Info: 8: + IC(1.553 ns) + CELL(2.622 ns) = 6.810 ns; Loc. = PIN_J22; Fanout = 0; PIN Node = 'PWMOut'
        Info: Total cell delay = 3.897 ns ( 57.22 % )
        Info: Total interconnect delay = 2.913 ns ( 42.78 % )
Info: Longest tpd from source pin "rapport_Cyclique_SWs[0]" to destination pin "PWMOut" is 9.953 ns
    Info: 1: + IC(0.000 ns) + CELL(0.999 ns) = 0.999 ns; Loc. = PIN_AE14; Fanout = 6; PIN Node = 'rapport_Cyclique_SWs[0]'
    Info: 2: + IC(2.128 ns) + CELL(0.420 ns) = 3.547 ns; Loc. = LCCOMB_X64_Y19_N30; Fanout = 1; COMB Node = 'rapport_Cyclique[1]~53'
    Info: 3: + IC(0.249 ns) + CELL(0.393 ns) = 4.189 ns; Loc. = LCCOMB_X64_Y19_N8; Fanout = 1; COMB Node = 'LessThan1~1'
    Info: 4: + IC(0.000 ns) + CELL(0.071 ns) = 4.260 ns; Loc. = LCCOMB_X64_Y19_N10; Fanout = 1; COMB Node = 'LessThan1~3'
    Info: 5: + IC(0.000 ns) + CELL(0.071 ns) = 4.331 ns; Loc. = LCCOMB_X64_Y19_N12; Fanout = 1; COMB Node = 'LessThan1~5'
    Info: 6: + IC(0.000 ns) + CELL(0.159 ns) = 4.490 ns; Loc. = LCCOMB_X64_Y19_N14; Fanout = 1; COMB Node = 'LessThan1~7'
    Info: 7: + IC(0.000 ns) + CELL(0.071 ns) = 4.561 ns; Loc. = LCCOMB_X64_Y19_N16; Fanout = 1; COMB Node = 'LessThan1~9'
    Info: 8: + IC(0.000 ns) + CELL(0.410 ns) = 4.971 ns; Loc. = LCCOMB_X64_Y19_N18; Fanout = 1; COMB Node = 'LessThan1~10'
    Info: 9: + IC(0.657 ns) + CELL(0.150 ns) = 5.778 ns; Loc. = LCCOMB_X63_Y19_N0; Fanout = 1; COMB Node = 'LessThan1~12'
    Info: 10: + IC(1.553 ns) + CELL(2.622 ns) = 9.953 ns; Loc. = PIN_J22; Fanout = 0; PIN Node = 'PWMOut'
    Info: Total cell delay = 5.366 ns ( 53.91 % )
    Info: Total interconnect delay = 4.587 ns ( 46.09 % )
Info: Quartus II Classic Timing Analyzer was successful. 0 errors, 1 warning
    Info: Peak virtual memory: 173 megabytes
    Info: Processing ended: Mon Sep 14 09:30:27 2020
    Info: Elapsed time: 00:00:00
    Info: Total CPU time (on all processors): 00:00:00


