Flow report for sopc_projet
Wed Dec 16 13:27:27 2020
Quartus II 32-bit Version 11.1 Build 259 01/25/2012 Service Pack 2 SJ Web Edition


---------------------
; Table of Contents ;
---------------------
  1. Legal Notice
  2. Flow Summary
  3. Flow Settings
  4. Flow Non-Default Global Settings
  5. Flow Elapsed Time
  6. Flow OS Summary
  7. Flow Log



----------------
; Legal Notice ;
----------------
Copyright (C) 1991-2011 Altera Corporation
Your use of Altera Corporation's design tools, logic functions 
and other software and tools, and its AMPP partner logic 
functions, and any output files from any of the foregoing 
(including device programming or simulation files), and any 
associated documentation or information are expressly subject 
to the terms and conditions of the Altera Program License 
Subscription Agreement, Altera MegaCore Function License 
Agreement, or other applicable license agreement, including, 
without limitation, that your use is for the sole purpose of 
programming logic devices manufactured by Altera and sold by 
Altera or its authorized distributors.  Please refer to the 
applicable agreement for further details.



+------------------------------------------------------------------------------------+
; Flow Summary                                                                       ;
+------------------------------------+-----------------------------------------------+
; Flow Status                        ; Successful - Wed Dec 16 13:27:23 2020         ;
; Quartus II 32-bit Version          ; 11.1 Build 259 01/25/2012 SP 2 SJ Web Edition ;
; Revision Name                      ; sopc_projet                                   ;
; Top-level Entity Name              ; sopc_projet                                   ;
; Family                             ; Cyclone IV E                                  ;
; Device                             ; EP4CE22F17C6                                  ;
; Timing Models                      ; Final                                         ;
; Total logic elements               ; 2,822 / 22,320 ( 13 % )                       ;
;     Total combinational functions  ; 2,656 / 22,320 ( 12 % )                       ;
;     Dedicated logic registers      ; 1,013 / 22,320 ( 5 % )                        ;
; Total registers                    ; 1013                                          ;
; Total pins                         ; 18 / 154 ( 12 % )                             ;
; Total virtual pins                 ; 0                                             ;
; Total memory bits                  ; 175,104 / 608,256 ( 29 % )                    ;
; Embedded Multiplier 9-bit elements ; 0 / 132 ( 0 % )                               ;
; Total PLLs                         ; 0 / 4 ( 0 % )                                 ;
+------------------------------------+-----------------------------------------------+


+-----------------------------------------+
; Flow Settings                           ;
+-------------------+---------------------+
; Option            ; Setting             ;
+-------------------+---------------------+
; Start date & time ; 12/16/2020 13:26:37 ;
; Main task         ; Compilation         ;
; Revision Name     ; sopc_projet         ;
+-------------------+---------------------+


+------------------------------------------------------------------------------------------------------------------------+
; Flow Non-Default Global Settings                                                                                       ;
+-------------------------------------+---------------------------------------+---------------+-------------+------------+
; Assignment Name                     ; Value                                 ; Default Value ; Entity Name ; Section Id ;
+-------------------------------------+---------------------------------------+---------------+-------------+------------+
; COMPILER_SIGNATURE_ID               ; 171921334613488.160814679606428       ; --            ; --          ; --         ;
; IP_TOOL_ENV                         ; sopc                                  ; --            ; mon_sopc    ; --         ;
; IP_TOOL_NAME                        ; sopc                                  ; --            ; mon_sopc    ; --         ;
; IP_TOOL_VERSION                     ; 11.1sp2                               ; --            ; mon_sopc    ; --         ;
; MAX_CORE_JUNCTION_TEMP              ; 85                                    ; --            ; --          ; --         ;
; MIN_CORE_JUNCTION_TEMP              ; 0                                     ; --            ; --          ; --         ;
; NOMINAL_CORE_SUPPLY_VOLTAGE         ; 1.2V                                  ; --            ; --          ; --         ;
; PARTITION_COLOR                     ; 16764057                              ; --            ; --          ; Top        ;
; PARTITION_FITTER_PRESERVATION_LEVEL ; PLACEMENT_AND_ROUTING                 ; --            ; --          ; Top        ;
; PARTITION_NETLIST_TYPE              ; SOURCE                                ; --            ; --          ; Top        ;
; POWER_BOARD_THERMAL_MODEL           ; None (CONSERVATIVE)                   ; --            ; --          ; --         ;
; POWER_PRESET_COOLING_SOLUTION       ; 23 MM HEAT SINK WITH 200 LFPM AIRFLOW ; --            ; --          ; --         ;
; SOPC_BUILDER_SIGNATURE_ID           ; 9C5C8E1435F0000001766CEA221E          ; --            ; --          ; --         ;
+-------------------------------------+---------------------------------------+---------------+-------------+------------+


+-------------------------------------------------------------------------------------------------------------------------------+
; Flow Elapsed Time                                                                                                             ;
+---------------------------+--------------+-------------------------+---------------------+------------------------------------+
; Module Name               ; Elapsed Time ; Average Processors Used ; Peak Virtual Memory ; Total CPU Time (on all processors) ;
+---------------------------+--------------+-------------------------+---------------------+------------------------------------+
; Analysis & Synthesis      ; 00:00:23     ; 1.0                     ; 414 MB              ; 00:00:23                           ;
; Fitter                    ; 00:00:15     ; 1.0                     ; 468 MB              ; 00:00:15                           ;
; Assembler                 ; 00:00:03     ; 1.0                     ; 359 MB              ; 00:00:03                           ;
; TimeQuest Timing Analyzer ; 00:00:07     ; 1.0                     ; 386 MB              ; 00:00:07                           ;
; Total                     ; 00:00:48     ; --                      ; --                  ; 00:00:48                           ;
+---------------------------+--------------+-------------------------+---------------------+------------------------------------+


+----------------------------------------------------------------------------------------+
; Flow OS Summary                                                                        ;
+---------------------------+------------------+-----------+------------+----------------+
; Module Name               ; Machine Hostname ; OS Name   ; OS Version ; Processor type ;
+---------------------------+------------------+-----------+------------+----------------+
; Analysis & Synthesis      ; DESKTOP-KL5GU9U  ; Windows 7 ; 6.1        ; x86_64         ;
; Fitter                    ; DESKTOP-KL5GU9U  ; Windows 7 ; 6.1        ; x86_64         ;
; Assembler                 ; DESKTOP-KL5GU9U  ; Windows 7 ; 6.1        ; x86_64         ;
; TimeQuest Timing Analyzer ; DESKTOP-KL5GU9U  ; Windows 7 ; 6.1        ; x86_64         ;
+---------------------------+------------------+-----------+------------+----------------+


------------
; Flow Log ;
------------
quartus_map --read_settings_files=on --write_settings_files=off sopc_projet -c sopc_projet
quartus_fit --read_settings_files=off --write_settings_files=off sopc_projet -c sopc_projet
quartus_asm --read_settings_files=off --write_settings_files=off sopc_projet -c sopc_projet
quartus_sta sopc_projet -c sopc_projet



