Flow report for gestionAnemometre
Wed Dec 16 06:42:13 2020
Quartus II 32-bit Version 11.1 Build 259 01/25/2012 Service Pack 2 SJ Web Edition


---------------------
; Table of Contents ;
---------------------
  1. Legal Notice
  2. Flow Summary
  3. Flow Settings
  4. Flow Non-Default Global Settings
  5. Flow Elapsed Time
  6. Flow OS Summary
  7. Flow Log



----------------
; Legal Notice ;
----------------
Copyright (C) 1991-2011 Altera Corporation
Your use of Altera Corporation's design tools, logic functions 
and other software and tools, and its AMPP partner logic 
functions, and any output files from any of the foregoing 
(including device programming or simulation files), and any 
associated documentation or information are expressly subject 
to the terms and conditions of the Altera Program License 
Subscription Agreement, Altera MegaCore Function License 
Agreement, or other applicable license agreement, including, 
without limitation, that your use is for the sole purpose of 
programming logic devices manufactured by Altera and sold by 
Altera or its authorized distributors.  Please refer to the 
applicable agreement for further details.



+------------------------------------------------------------------------------------+
; Flow Summary                                                                       ;
+------------------------------------+-----------------------------------------------+
; Flow Status                        ; Successful - Wed Dec 16 06:42:10 2020         ;
; Quartus II 32-bit Version          ; 11.1 Build 259 01/25/2012 SP 2 SJ Web Edition ;
; Revision Name                      ; gestionAnemometre                             ;
; Top-level Entity Name              ; gestionAnemometre                             ;
; Family                             ; Cyclone IV E                                  ;
; Device                             ; EP4CE22F17C6                                  ;
; Timing Models                      ; Final                                         ;
; Total logic elements               ; 1,143 / 22,320 ( 5 % )                        ;
;     Total combinational functions  ; 1,114 / 22,320 ( 5 % )                        ;
;     Dedicated logic registers      ; 86 / 22,320 ( < 1 % )                         ;
; Total registers                    ; 86                                            ;
; Total pins                         ; 35 / 154 ( 23 % )                             ;
; Total virtual pins                 ; 0                                             ;
; Total memory bits                  ; 0 / 608,256 ( 0 % )                           ;
; Embedded Multiplier 9-bit elements ; 0 / 132 ( 0 % )                               ;
; Total PLLs                         ; 0 / 4 ( 0 % )                                 ;
+------------------------------------+-----------------------------------------------+


+-----------------------------------------+
; Flow Settings                           ;
+-------------------+---------------------+
; Option            ; Setting             ;
+-------------------+---------------------+
; Start date & time ; 12/16/2020 06:41:50 ;
; Main task         ; Compilation         ;
; Revision Name     ; gestionAnemometre   ;
+-------------------+---------------------+


+-----------------------------------------------------------------------------------------------------------------------------------------------------------------+
; Flow Non-Default Global Settings                                                                                                                                ;
+-------------------------------------+----------------------------------------------------------------------------+---------------+-------------+----------------+
; Assignment Name                     ; Value                                                                      ; Default Value ; Entity Name ; Section Id     ;
+-------------------------------------+----------------------------------------------------------------------------+---------------+-------------+----------------+
; COMPILER_SIGNATURE_ID               ; 171921334613488.160812250904124                                            ; --            ; --          ; --             ;
; MAX_CORE_JUNCTION_TEMP              ; 85                                                                         ; --            ; --          ; --             ;
; MIN_CORE_JUNCTION_TEMP              ; 0                                                                          ; --            ; --          ; --             ;
; MISC_FILE                           ; C:/Users/Etudiant/Desktop/CartagenaHamida/ANEMOMETRE/gestionAnemometre.dpf ; --            ; --          ; --             ;
; PARTITION_COLOR                     ; 16764057                                                                   ; --            ; --          ; Top            ;
; PARTITION_FITTER_PRESERVATION_LEVEL ; PLACEMENT_AND_ROUTING                                                      ; --            ; --          ; Top            ;
; PARTITION_NETLIST_TYPE              ; SOURCE                                                                     ; --            ; --          ; Top            ;
; USE_GENERATED_PHYSICAL_CONSTRAINTS  ; Off                                                                        ; --            ; --          ; eda_blast_fpga ;
+-------------------------------------+----------------------------------------------------------------------------+---------------+-------------+----------------+


+-------------------------------------------------------------------------------------------------------------------------------+
; Flow Elapsed Time                                                                                                             ;
+---------------------------+--------------+-------------------------+---------------------+------------------------------------+
; Module Name               ; Elapsed Time ; Average Processors Used ; Peak Virtual Memory ; Total CPU Time (on all processors) ;
+---------------------------+--------------+-------------------------+---------------------+------------------------------------+
; Analysis & Synthesis      ; 00:00:07     ; 1.0                     ; 387 MB              ; 00:00:05                           ;
; Fitter                    ; 00:00:09     ; 1.0                     ; 449 MB              ; 00:00:08                           ;
; Assembler                 ; 00:00:02     ; 1.0                     ; 353 MB              ; 00:00:02                           ;
; TimeQuest Timing Analyzer ; 00:00:06     ; 1.0                     ; 344 MB              ; 00:00:04                           ;
; Total                     ; 00:00:24     ; --                      ; --                  ; 00:00:19                           ;
+---------------------------+--------------+-------------------------+---------------------+------------------------------------+


+----------------------------------------------------------------------------------------+
; Flow OS Summary                                                                        ;
+---------------------------+------------------+-----------+------------+----------------+
; Module Name               ; Machine Hostname ; OS Name   ; OS Version ; Processor type ;
+---------------------------+------------------+-----------+------------+----------------+
; Analysis & Synthesis      ; DESKTOP-KL5GU9U  ; Windows 7 ; 6.1        ; x86_64         ;
; Fitter                    ; DESKTOP-KL5GU9U  ; Windows 7 ; 6.1        ; x86_64         ;
; Assembler                 ; DESKTOP-KL5GU9U  ; Windows 7 ; 6.1        ; x86_64         ;
; TimeQuest Timing Analyzer ; DESKTOP-KL5GU9U  ; Windows 7 ; 6.1        ; x86_64         ;
+---------------------------+------------------+-----------+------------+----------------+


------------
; Flow Log ;
------------
quartus_map --read_settings_files=on --write_settings_files=off gestionAnemometre -c gestionAnemometre
quartus_fit --read_settings_files=off --write_settings_files=off gestionAnemometre -c gestionAnemometre
quartus_asm --read_settings_files=off --write_settings_files=off gestionAnemometre -c gestionAnemometre
quartus_sta gestionAnemometre -c gestionAnemometre



