Classic Timing Analyzer report for Compteur
Thu Sep 17 09:39:36 2020
Quartus II Version 9.0 Build 235 06/17/2009 Service Pack 2 SJ Web Edition


---------------------
; Table of Contents ;
---------------------
  1. Legal Notice
  2. Timing Analyzer Summary
  3. Timing Analyzer Settings
  4. Clock Settings Summary
  5. Parallel Compilation
  6. Clock Setup: 'CLK'
  7. tco
  8. Timing Analyzer Messages



----------------
; Legal Notice ;
----------------
Copyright (C) 1991-2009 Altera Corporation
Your use of Altera Corporation's design tools, logic functions 
and other software and tools, and its AMPP partner logic 
functions, and any output files from any of the foregoing 
(including device programming or simulation files), and any 
associated documentation or information are expressly subject 
to the terms and conditions of the Altera Program License 
Subscription Agreement, Altera MegaCore Function License 
Agreement, or other applicable license agreement, including, 
without limitation, that your use is for the sole purpose of 
programming logic devices manufactured by Altera and sold by 
Altera or its authorized distributors.  Please refer to the 
applicable agreement for further details.



+----------------------------------------------------------------------------------------------------------------------------------------------------------------------------+
; Timing Analyzer Summary                                                                                                                                                    ;
+------------------------------+-------+---------------+------------------------------------------------+--------------+--------------+------------+----------+--------------+
; Type                         ; Slack ; Required Time ; Actual Time                                    ; From         ; To           ; From Clock ; To Clock ; Failed Paths ;
+------------------------------+-------+---------------+------------------------------------------------+--------------+--------------+------------+----------+--------------+
; Worst-case tco               ; N/A   ; None          ; 7.443 ns                                       ; DIGIT_LSB[0] ; Q[0]         ; CLK        ; --       ; 0            ;
; Clock Setup: 'CLK'           ; N/A   ; None          ; Restricted to 450.05 MHz ( period = 2.222 ns ) ; DIGIT_LSB[1] ; DIGIT_LSB[2] ; CLK        ; CLK      ; 0            ;
; Total number of failed paths ;       ;               ;                                                ;              ;              ;            ;          ; 0            ;
+------------------------------+-------+---------------+------------------------------------------------+--------------+--------------+------------+----------+--------------+


+--------------------------------------------------------------------------------------------------------------------+
; Timing Analyzer Settings                                                                                           ;
+---------------------------------------------------------------------+--------------------+------+----+-------------+
; Option                                                              ; Setting            ; From ; To ; Entity Name ;
+---------------------------------------------------------------------+--------------------+------+----+-------------+
; Device Name                                                         ; EP2C35F672C6       ;      ;    ;             ;
; Timing Models                                                       ; Final              ;      ;    ;             ;
; Default hold multicycle                                             ; Same as Multicycle ;      ;    ;             ;
; Cut paths between unrelated clock domains                           ; On                 ;      ;    ;             ;
; Cut off read during write signal paths                              ; On                 ;      ;    ;             ;
; Cut off feedback from I/O pins                                      ; On                 ;      ;    ;             ;
; Report Combined Fast/Slow Timing                                    ; Off                ;      ;    ;             ;
; Ignore Clock Settings                                               ; Off                ;      ;    ;             ;
; Analyze latches as synchronous elements                             ; On                 ;      ;    ;             ;
; Enable Recovery/Removal analysis                                    ; Off                ;      ;    ;             ;
; Enable Clock Latency                                                ; Off                ;      ;    ;             ;
; Use TimeQuest Timing Analyzer                                       ; Off                ;      ;    ;             ;
; Minimum Core Junction Temperature                                   ; 0                  ;      ;    ;             ;
; Maximum Core Junction Temperature                                   ; 85                 ;      ;    ;             ;
; Number of source nodes to report per destination node               ; 10                 ;      ;    ;             ;
; Number of destination nodes to report                               ; 10                 ;      ;    ;             ;
; Number of paths to report                                           ; 200                ;      ;    ;             ;
; Report Minimum Timing Checks                                        ; Off                ;      ;    ;             ;
; Use Fast Timing Models                                              ; Off                ;      ;    ;             ;
; Report IO Paths Separately                                          ; Off                ;      ;    ;             ;
; Perform Multicorner Analysis                                        ; On                 ;      ;    ;             ;
; Reports the worst-case path for each clock domain and analysis      ; Off                ;      ;    ;             ;
; Removes common clock path pessimism (CCPP) during slack computation ; Off                ;      ;    ;             ;
; Output I/O Timing Endpoint                                          ; Near End           ;      ;    ;             ;
+---------------------------------------------------------------------+--------------------+------+----+-------------+


+------------------------------------------------------------------------------------------------------------------------------------------------------------------------------------+
; Clock Settings Summary                                                                                                                                                             ;
+-----------------+--------------------+----------+------------------+---------------+--------------+----------+-----------------------+---------------------+--------+--------------+
; Clock Node Name ; Clock Setting Name ; Type     ; Fmax Requirement ; Early Latency ; Late Latency ; Based on ; Multiply Base Fmax by ; Divide Base Fmax by ; Offset ; Phase offset ;
+-----------------+--------------------+----------+------------------+---------------+--------------+----------+-----------------------+---------------------+--------+--------------+
; CLK             ;                    ; User Pin ; None             ; 0.000 ns      ; 0.000 ns     ; --       ; N/A                   ; N/A                 ; N/A    ;              ;
+-----------------+--------------------+----------+------------------+---------------+--------------+----------+-----------------------+---------------------+--------+--------------+


Parallel compilation was disabled, but you have multiple processors available. Enable parallel compilation to reduce compilation time.
+-------------------------------------+
; Parallel Compilation                ;
+----------------------------+--------+
; Processors                 ; Number ;
+----------------------------+--------+
; Number detected on machine ; 4      ;
; Maximum allowed            ; 1      ;
+----------------------------+--------+


+--------------------------------------------------------------------------------------------------------------------------------------------------------------------------------------------------+
; Clock Setup: 'CLK'                                                                                                                                                                               ;
+-------+------------------------------------------------+--------------+--------------+------------+----------+-----------------------------+---------------------------+-------------------------+
; Slack ; Actual fmax (period)                           ; From         ; To           ; From Clock ; To Clock ; Required Setup Relationship ; Required Longest P2P Time ; Actual Longest P2P Time ;
+-------+------------------------------------------------+--------------+--------------+------------+----------+-----------------------------+---------------------------+-------------------------+
; N/A   ; Restricted to 450.05 MHz ( period = 2.222 ns ) ; DIGIT_LSB[1] ; DIGIT_LSB[2] ; CLK        ; CLK      ; None                        ; None                      ; 0.869 ns                ;
; N/A   ; Restricted to 450.05 MHz ( period = 2.222 ns ) ; DIGIT_LSB[2] ; DIGIT_LSB[0] ; CLK        ; CLK      ; None                        ; None                      ; 0.867 ns                ;
; N/A   ; Restricted to 450.05 MHz ( period = 2.222 ns ) ; DIGIT_LSB[2] ; DIGIT_LSB[3] ; CLK        ; CLK      ; None                        ; None                      ; 0.834 ns                ;
; N/A   ; Restricted to 450.05 MHz ( period = 2.222 ns ) ; DIGIT_LSB[3] ; DIGIT_LSB[0] ; CLK        ; CLK      ; None                        ; None                      ; 0.827 ns                ;
; N/A   ; Restricted to 450.05 MHz ( period = 2.222 ns ) ; DIGIT_LSB[0] ; DIGIT_LSB[3] ; CLK        ; CLK      ; None                        ; None                      ; 0.798 ns                ;
; N/A   ; Restricted to 450.05 MHz ( period = 2.222 ns ) ; DIGIT_LSB[3] ; DIGIT_LSB[1] ; CLK        ; CLK      ; None                        ; None                      ; 0.788 ns                ;
; N/A   ; Restricted to 450.05 MHz ( period = 2.222 ns ) ; DIGIT_LSB[3] ; DIGIT_LSB[2] ; CLK        ; CLK      ; None                        ; None                      ; 0.787 ns                ;
; N/A   ; Restricted to 450.05 MHz ( period = 2.222 ns ) ; DIGIT_LSB[1] ; DIGIT_LSB[3] ; CLK        ; CLK      ; None                        ; None                      ; 0.563 ns                ;
; N/A   ; Restricted to 450.05 MHz ( period = 2.222 ns ) ; DIGIT_LSB[1] ; DIGIT_LSB[0] ; CLK        ; CLK      ; None                        ; None                      ; 0.562 ns                ;
; N/A   ; Restricted to 450.05 MHz ( period = 2.222 ns ) ; DIGIT_LSB[0] ; DIGIT_LSB[2] ; CLK        ; CLK      ; None                        ; None                      ; 0.555 ns                ;
; N/A   ; Restricted to 450.05 MHz ( period = 2.222 ns ) ; DIGIT_LSB[0] ; DIGIT_LSB[1] ; CLK        ; CLK      ; None                        ; None                      ; 0.554 ns                ;
; N/A   ; Restricted to 450.05 MHz ( period = 2.222 ns ) ; DIGIT_LSB[0] ; DIGIT_LSB[0] ; CLK        ; CLK      ; None                        ; None                      ; 0.407 ns                ;
; N/A   ; Restricted to 450.05 MHz ( period = 2.222 ns ) ; DIGIT_LSB[2] ; DIGIT_LSB[2] ; CLK        ; CLK      ; None                        ; None                      ; 0.407 ns                ;
; N/A   ; Restricted to 450.05 MHz ( period = 2.222 ns ) ; DIGIT_LSB[3] ; DIGIT_LSB[3] ; CLK        ; CLK      ; None                        ; None                      ; 0.407 ns                ;
; N/A   ; Restricted to 450.05 MHz ( period = 2.222 ns ) ; DIGIT_LSB[1] ; DIGIT_LSB[1] ; CLK        ; CLK      ; None                        ; None                      ; 0.407 ns                ;
+-------+------------------------------------------------+--------------+--------------+------------+----------+-----------------------------+---------------------------+-------------------------+


+----------------------------------------------------------------------+
; tco                                                                  ;
+-------+--------------+------------+--------------+------+------------+
; Slack ; Required tco ; Actual tco ; From         ; To   ; From Clock ;
+-------+--------------+------------+--------------+------+------------+
; N/A   ; None         ; 7.443 ns   ; DIGIT_LSB[1] ; Q[1] ; CLK        ;
; N/A   ; None         ; 7.443 ns   ; DIGIT_LSB[0] ; Q[0] ; CLK        ;
; N/A   ; None         ; 7.437 ns   ; DIGIT_LSB[3] ; Q[3] ; CLK        ;
; N/A   ; None         ; 7.418 ns   ; DIGIT_LSB[2] ; Q[2] ; CLK        ;
+-------+--------------+------------+--------------+------+------------+


+--------------------------+
; Timing Analyzer Messages ;
+--------------------------+
Info: *******************************************************************
Info: Running Quartus II Classic Timing Analyzer
    Info: Version 9.0 Build 235 06/17/2009 Service Pack 2 SJ Web Edition
    Info: Processing started: Thu Sep 17 09:39:36 2020
Info: Command: quartus_tan --read_settings_files=off --write_settings_files=off Compteur -c Compteur --timing_analysis_only
Warning: Found pins functioning as undefined clocks and/or memory enables
    Info: Assuming node "CLK" is an undefined clock
Info: Clock "CLK" Internal fmax is restricted to 450.05 MHz between source register "DIGIT_LSB[1]" and destination register "DIGIT_LSB[2]"
    Info: fmax restricted to clock pin edge rate 2.222 ns. Expand message to see actual delay path.
        Info: + Longest register to register delay is 0.869 ns
            Info: 1: + IC(0.000 ns) + CELL(0.000 ns) = 0.000 ns; Loc. = LCFF_X64_Y3_N11; Fanout = 5; REG Node = 'DIGIT_LSB[1]'
            Info: 2: + IC(0.347 ns) + CELL(0.438 ns) = 0.785 ns; Loc. = LCCOMB_X64_Y3_N12; Fanout = 1; COMB Node = 'DIGIT_LSB~6'
            Info: 3: + IC(0.000 ns) + CELL(0.084 ns) = 0.869 ns; Loc. = LCFF_X64_Y3_N13; Fanout = 4; REG Node = 'DIGIT_LSB[2]'
            Info: Total cell delay = 0.522 ns ( 60.07 % )
            Info: Total interconnect delay = 0.347 ns ( 39.93 % )
        Info: - Smallest clock skew is 0.000 ns
            Info: + Shortest clock path from clock "CLK" to destination register is 3.694 ns
                Info: 1: + IC(0.000 ns) + CELL(0.862 ns) = 0.862 ns; Loc. = PIN_G26; Fanout = 4; CLK Node = 'CLK'
                Info: 2: + IC(2.295 ns) + CELL(0.537 ns) = 3.694 ns; Loc. = LCFF_X64_Y3_N13; Fanout = 4; REG Node = 'DIGIT_LSB[2]'
                Info: Total cell delay = 1.399 ns ( 37.87 % )
                Info: Total interconnect delay = 2.295 ns ( 62.13 % )
            Info: - Longest clock path from clock "CLK" to source register is 3.694 ns
                Info: 1: + IC(0.000 ns) + CELL(0.862 ns) = 0.862 ns; Loc. = PIN_G26; Fanout = 4; CLK Node = 'CLK'
                Info: 2: + IC(2.295 ns) + CELL(0.537 ns) = 3.694 ns; Loc. = LCFF_X64_Y3_N11; Fanout = 5; REG Node = 'DIGIT_LSB[1]'
                Info: Total cell delay = 1.399 ns ( 37.87 % )
                Info: Total interconnect delay = 2.295 ns ( 62.13 % )
        Info: + Micro clock to output delay of source is 0.250 ns
        Info: + Micro setup delay of destination is -0.036 ns
Info: tco from clock "CLK" to destination pin "Q[1]" through register "DIGIT_LSB[1]" is 7.443 ns
    Info: + Longest clock path from clock "CLK" to source register is 3.694 ns
        Info: 1: + IC(0.000 ns) + CELL(0.862 ns) = 0.862 ns; Loc. = PIN_G26; Fanout = 4; CLK Node = 'CLK'
        Info: 2: + IC(2.295 ns) + CELL(0.537 ns) = 3.694 ns; Loc. = LCFF_X64_Y3_N11; Fanout = 5; REG Node = 'DIGIT_LSB[1]'
        Info: Total cell delay = 1.399 ns ( 37.87 % )
        Info: Total interconnect delay = 2.295 ns ( 62.13 % )
    Info: + Micro clock to output delay of source is 0.250 ns
    Info: + Longest register to pin delay is 3.499 ns
        Info: 1: + IC(0.000 ns) + CELL(0.000 ns) = 0.000 ns; Loc. = LCFF_X64_Y3_N11; Fanout = 5; REG Node = 'DIGIT_LSB[1]'
        Info: 2: + IC(0.681 ns) + CELL(2.818 ns) = 3.499 ns; Loc. = PIN_AF23; Fanout = 0; PIN Node = 'Q[1]'
        Info: Total cell delay = 2.818 ns ( 80.54 % )
        Info: Total interconnect delay = 0.681 ns ( 19.46 % )
Info: Quartus II Classic Timing Analyzer was successful. 0 errors, 1 warning
    Info: Peak virtual memory: 173 megabytes
    Info: Processing ended: Thu Sep 17 09:39:36 2020
    Info: Elapsed time: 00:00:00
    Info: Total CPU time (on all processors): 00:00:00


